<?xml version="1.0" encoding="UTF-8"?>
<!-- Generated by org.testng.reporters.JUnitReportReporter -->
<testsuite skipped="0" hostname="LAPTOP-3VJ20DJQ" name="com.vtiger.tc.CreateOrganization" tests="1" failures="0" timestamp="13 Apr 2021 14:28:50 GMT" time="86.279" errors="0">
  <testcase name="CreateOrg" time="86.279" classname="com.vtiger.tc.CreateOrganization"/>
</testsuite> <!-- com.vtiger.tc.CreateOrganization -->
