<?xml version="1.0" encoding="UTF-8"?>
<!-- Generated by org.testng.reporters.JUnitReportReporter -->
<testsuite skipped="0" hostname="LAPTOP-3VJ20DJQ" name="com.vtiger.tc.CreateOrganization" tests="1" failures="0" timestamp="11 Apr 2021 23:14:27 GMT" time="36.978" errors="0">
  <testcase name="CreateOrg" time="36.978" classname="com.vtiger.tc.CreateOrganization"/>
</testsuite> <!-- com.vtiger.tc.CreateOrganization -->
